2014-12-08 17:08:21 :: 14180585011128
    > {"group_id":"4","fname":"Test","lname":"Two","email":"test22@naturefootage.com","provider_id":"354","register_frontend":"46","prefix":"","login":"test22","password":"V5idqvvMokC9","ctime":"2014-12-08 17:08:21","active":0}

2014-12-08 17:08:33 :: 14180585136332
    > {"group_id":"4","fname":"Test","lname":"Two","email":"test2244@naturefootage.com","provider_id":"354","register_frontend":"46","prefix":"","login":"test2244","password":"H4AY2Xa4PVVs","ctime":"2014-12-08 17:08:33","active":0}

2014-12-08 17:08:46 :: 14180585261971
    > {"group_id":"4","fname":"Test","lname":"Two","email":"test224455@naturefootage.com","provider_id":"354","register_frontend":"46","prefix":"","login":"test224455","password":"a9hTBhkqHeJs","ctime":"2014-12-08 17:08:46","active":0}

2014-12-08 17:08:46 :: 14180585262143
    > INSERT ID:1000056 -> http://backend2.footagesearch.com/en/cpregister/index/active/1000056/3f8abb4c2a70f7e97f74f007d4ff9396

2014-12-16 05:56:19 :: 14187093793137
    > {"group_id":"4","fname":"Donna Linda","lname":"Contributor","email":"dlcontributor@naturefootage.com","provider_id":"354","register_frontend":"46","prefix":"","login":"dlcontributor","password":"aGCjTPYqhwCy","ctime":"2014-12-16 05:56:19","active":0}

2014-12-16 05:57:08 :: 14187094285589
    > {"group_id":"4","fname":"Donna Linda","lname":"Contributor","email":"dlcontributor@naturefootage.com","provider_id":"354","register_frontend":"46","prefix":"","login":"dlcontributor2","password":"erKcdv8S38z6","ctime":"2014-12-16 05:57:08","active":0}

2014-12-16 05:57:43 :: 14187094635476
    > {"group_id":"4","fname":"Donna Linda","lname":"Contributor","email":"dlcontributor2@naturefootage.com","provider_id":"354","register_frontend":"46","prefix":"","login":"dlcontributor2","password":"7M00pFaw3Jtk","ctime":"2014-12-16 05:57:43","active":0}

2014-12-16 05:57:43 :: 14187094635655
    > INSERT ID:1000058 -> http://backend2.footagesearch.com/en/cpregister/index/active/1000058/7324d1c36777e57a15bc585c005c446d

2014-12-16 05:59:56 :: 1418709596688
    > {"group_id":"4","fname":"Donna Linda","lname":"Contributor4","email":"dlcontributor4@naturefootage.com","provider_id":"354","register_frontend":"46","prefix":"","login":"dlcontributor4","password":"Lbwb68rxoc9v","ctime":"2014-12-16 05:59:56","active":0}

2014-12-16 05:59:56 :: 14187095967061
    > INSERT ID:1000059 -> http://backend2.footagesearch.com/en/cpregister/index/active/1000059/d6be6ff729d883442bc414444631f6ca

2014-12-17 16:24:25 :: 14188334658808
    > {"group_id":"4","fname":"Marzette","lname":"Contributor","email":"marzette@naturefootage.com","provider_id":"354","register_frontend":"46","prefix":"","login":"marz_contributor","password":"AWP0cHHQ1Hu7","ctime":"2014-12-17 16:24:25","active":0}

2014-12-17 16:24:42 :: 14188334821725
    > {"group_id":"4","fname":"Marzette","lname":"Contributor","email":"marzette@footagesearch.com","provider_id":"354","register_frontend":"46","prefix":"","login":"marz_contributor","password":"6iuqeCx8XLwB","ctime":"2014-12-17 16:24:42","active":0}

2014-12-17 16:24:42 :: 14188334821897
    > INSERT ID:1000060 -> http://backend2.footagesearch.com/en/cpregister/index/active/1000060/a9995753be0b8b14cb03faefd96e1415

2014-12-17 18:32:47 :: 1418841167316
    > {"group_id":"4","fname":"Marzette","lname":"Test2","email":"marzette@gmail.com","provider_id":"354","register_frontend":"46","prefix":"","login":"marz_test2","password":"6HlkhRvaWpnd","ctime":"2014-12-17 18:32:47","active":0}

2014-12-17 18:32:47 :: 14188411673325
    > INSERT ID:1000061 -> http://backend2.footagesearch.com/en/cpregister/index/active/1000061/9746de4c638cdcb39576357e8a7ef5dd

2014-12-17 18:34:52 :: 14188412929068
    > {"group_id":"4","fname":"TheBomb","lname":"Purchaser","email":"thebombpurchaser@naturefootage.com","provider_id":"354","register_frontend":"46","prefix":"","login":"Thebombpurchaser","password":"pN2hmtc5s8cq","ctime":"2014-12-17 18:34:52","active":0}

2014-12-17 18:48:10 :: 14188420901382
    > {"group_id":"4","fname":"Amazing","lname":"Contributor","email":"freeflowfun@hotmail.com","provider_id":"354","register_frontend":"46","prefix":"","login":"freeflowfun","password":"DMZuKSGGoZ0I","ctime":"2014-12-17 18:48:10","active":0}

2014-12-17 18:48:10 :: 14188420901536
    > INSERT ID:1000063 -> http://backend2.footagesearch.com/en/cpregister/index/active/1000063/178d6cbdb8c668ec251ee008b1052e7a

2014-12-17 18:49:27 :: 14188421678784
    > {"group_id":"4","fname":"amazing","lname":"contributor","email":"amazingcontributor@naturefootage.com","provider_id":"354","register_frontend":"46","prefix":"","login":"amazingcontributor","password":"U9yYYgRfzbWy","ctime":"2014-12-17 18:49:27","active":0}

2014-12-17 18:49:54 :: 14188421942614
    > {"group_id":"4","fname":"amazing","lname":"contributor","email":"amazingcontributor@footagesearch.com","provider_id":"354","register_frontend":"46","prefix":"","login":"amazingcontributor","password":"VdztGE4uaGVb","ctime":"2014-12-17 18:49:54","active":0}

2014-12-17 18:50:05 :: 14188422054573
    > {"group_id":"4","fname":"amazing","lname":"contributor","email":"amazingcontributor@hotmail.com","provider_id":"354","register_frontend":"46","prefix":"","login":"amazingcontributor","password":"XOICv8eBF4Af","ctime":"2014-12-17 18:50:05","active":0}

2014-12-17 18:50:24 :: 14188422244735
    > {"group_id":"4","fname":"amazing","lname":"contributor","email":"amazingcontributor@naturefootage.com","provider_id":"354","register_frontend":"46","prefix":"","login":"amazingcontributor","password":"MkQN0gRaidN2","ctime":"2014-12-17 18:50:24","active":0}

2014-12-17 18:50:34 :: 1418842234329
    > {"group_id":"4","fname":"amazing","lname":"contributor","email":"amazingcontributor1@naturefootage.com","provider_id":"354","register_frontend":"46","prefix":"","login":"amazingcontributor","password":"OH2z3CLydMpO","ctime":"2014-12-17 18:50:34","active":0}

2014-12-17 19:03:01 :: 14188429814489
    > {"group_id":"4","fname":"TheBomb","lname":"Purchaser","email":"thebombpurchaser@naturefootage.com","provider_id":"354","register_frontend":"46","prefix":"","login":"Thebombpurchaser","password":"IozaYjFxWQZW","ctime":"2014-12-17 19:03:01","active":0}

2014-12-17 19:03:01 :: 14188429814655
    > INSERT ID:1000065 -> http://backend2.footagesearch.com/en/cpregister/index/active/1000065/6f9a38b150ee41dd2d268cb087842908

2014-12-17 19:06:15 :: 14188431759232
    > {"group_id":"4","fname":"TheBomb","lname":"Purchaser","email":"thebombpurchaser@naturefootage.com","provider_id":"354","register_frontend":"46","prefix":"","login":"Thebombpurchaser","password":"Fj5uW7QJzELu","ctime":"2014-12-17 19:06:15","active":0}

2014-12-17 19:06:15 :: 1418843175939
    > INSERT ID:1000066 -> http://backend2.footagesearch.com/en/cpregister/index/active/1000066/3ae9027779b06b475138285920e10ccb

2014-12-17 19:08:25 :: 14188433053941
    > {"group_id":"4","fname":"Amazing","lname":"Contributor","email":"amazingcontributor1@naturefootage.com","provider_id":"354","register_frontend":"46","prefix":"","login":"amazingcontributor","password":"RB6ECtPbzvWw","ctime":"2014-12-17 19:08:25","active":0}

2014-12-17 19:08:25 :: 14188433054145
    > INSERT ID:1000067 -> http://backend2.footagesearch.com/en/cpregister/index/active/1000067/955048c2fa6b9f0aab621aaa15a5d528

2014-12-17 19:15:25 :: 14188437253762
    > {"group_id":"4","fname":"beautiful","lname":"days","email":"beautifuldays@naturefootage.com","provider_id":"354","register_frontend":"46","prefix":"","login":"beautifuldays","password":"sAMh8tiCGit6","ctime":"2014-12-17 19:15:25","active":0}

2014-12-17 19:20:11 :: 14188440118935
    > {"group_id":"4","fname":"beautiful","lname":"days","email":"beautifuldays@naturefootage.com","provider_id":"354","register_frontend":"46","prefix":"","login":"beautifuldays","password":"kwgJwyu7C7fP","ctime":"2014-12-17 19:20:11","active":0}

2014-12-17 19:20:11 :: 14188440119103
    > INSERT ID:1000069 -> http://backend2.footagesearch.com/en/cpregister/index/active/1000069/839c0ed0d592d020a47479a0707ad76d

2014-12-17 19:21:45 :: 14188441051036
    > {"group_id":"4","fname":"doesthis","lname":"work","email":"doesthiswork@naturefootage.com","provider_id":"354","register_frontend":"46","prefix":"","login":"doesthiswork","password":"octKvFlXZwuS","ctime":"2014-12-17 19:21:45","active":0}

2014-12-17 19:23:50 :: 14188442302583
    > {"group_id":"4","fname":"doesthis","lname":"work","email":"doesthiswork@naturefootage.com","provider_id":"354","register_frontend":"46","prefix":"","login":"doesthiswork","password":"5pVFQrLTEGNU","ctime":"2014-12-17 19:23:50","active":0}

2014-12-17 19:23:50 :: 14188442302746
    > INSERT ID:1000071 -> http://backend2.footagesearch.com/en/cpregister/index/active/1000071/de18a8b248fb53080d992d789ad830da

2014-12-17 19:26:16 :: 14188443760806
    > {"group_id":"4","fname":"Marzette","lname":"Henderson","email":"marzette@marzettehenderson.com","provider_id":"354","register_frontend":"46","prefix":"","login":"marzettehenderson","password":"y1Wa2akaR2QD","ctime":"2014-12-17 19:26:16","active":0}

2014-12-17 19:26:16 :: 14188443760964
    > INSERT ID:1000072 -> http://backend2.footagesearch.com/en/cpregister/index/active/1000072/ebd76ccb83eb68c301ff48d6c8753763

2014-12-17 19:27:45 :: 14188444654156
    > {"group_id":"4","fname":"birdman","lname":"store","email":"birdmanstore@naturefootage.com","provider_id":"354","register_frontend":"46","prefix":"","login":"birdmanstore","password":"pDPDKygAZBVH","ctime":"2014-12-17 19:27:45","active":0}

2014-12-17 19:30:39 :: 1418844639865
    > {"group_id":"4","fname":"Amazing","lname":"Contributor","email":"freeflowfun@hotmail.com","provider_id":"354","register_frontend":"46","prefix":"","login":"amazingcontributor","password":"bd5RrS1IO53D","ctime":"2014-12-17 19:30:39","active":0}

2014-12-17 19:33:26 :: 14188448068393
    > {"group_id":"4","fname":"Amazing","lname":"Contributor","email":"freeflowfun@hotmail.com","provider_id":"354","register_frontend":"46","prefix":"","login":"amazingcontributor","password":"zs8trzZPrNdI","ctime":"2014-12-17 19:33:26","active":0}

2014-12-17 19:33:50 :: 14188448300333
    > {"group_id":"4","fname":"Amazing-1","lname":"Contributor","email":"freeflowfun@hotmail.com","provider_id":"354","register_frontend":"46","prefix":"","login":"amazingcontributor","password":"ZclxmaKNOiDA","ctime":"2014-12-17 19:33:50","active":0}

2014-12-17 19:37:37 :: 14188450575396
    > {"group_id":"4","fname":"Donna","lname":"Linda","email":"freeflowfun@hotmail.com","provider_id":"354","register_frontend":"46","prefix":"","login":"freeflowfun","password":"WsvnpEHtrbYG","ctime":"2014-12-17 19:37:37","active":0}

2014-12-17 19:37:37 :: 1418845057555
    > INSERT ID:1000074 -> http://backend2.footagesearch.com/en/cpregister/index/active/1000074/117d7763449448527dc1632ac675ec20

2014-12-17 19:40:12 :: 14188452123155
    > {"group_id":"4","fname":"TheBomb","lname":"Purchaser","email":"thebombpurchaser@naturefootage.com","provider_id":"354","register_frontend":"46","prefix":"","login":"thebombpurchaser","password":"AoHQni6EpTm1","ctime":"2014-12-17 19:40:12","active":0}

2014-12-17 19:40:12 :: 14188452123316
    > INSERT ID:1000075 -> http://backend2.footagesearch.com/en/cpregister/index/active/1000075/2ff7c1c55dc6176a569b93af4b947ec0

2014-12-17 19:41:15 :: 14188452751608
    > {"group_id":"4","fname":"thebomb","lname":"purchaser","email":"thebombpurchaser2@naturefootage.com","provider_id":"354","register_frontend":"46","prefix":"","login":"thebombpurchaser","password":"AVfJKk7nxDpO","ctime":"2014-12-17 19:41:15","active":0}

2014-12-17 19:41:47 :: 14188453071105
    > {"group_id":"4","fname":"thebomb","lname":"purchaser","email":"thebombpurchaser2@naturefootage.com","provider_id":"354","register_frontend":"46","prefix":"","login":"thebombpurchaser2","password":"4azufgjOAmk5","ctime":"2014-12-17 19:41:47","active":0}

2014-12-17 19:41:47 :: 14188453071267
    > INSERT ID:1000076 -> http://backend2.footagesearch.com/en/cpregister/index/active/1000076/0e8ce86e65dbc6f515a463a4d5cdc0f9

2014-12-17 19:44:15 :: 14188454558048
    > {"group_id":"4","fname":"Amazing","lname":"Contributor","email":"amazingcontributor@naturefootage.com","provider_id":"354","register_frontend":"46","prefix":"","login":"thebombpurchaser2","password":"3AQAHRsKyztj","ctime":"2014-12-17 19:44:15","active":0}

2014-12-17 19:44:48 :: 14188454882455
    > {"group_id":"4","fname":"Amazing","lname":"Contributor","email":"amazingcontributor@naturefootage.com","provider_id":"354","register_frontend":"46","prefix":"","login":"amazingcontributor","password":"f5ow8T04bru3","ctime":"2014-12-17 19:44:48","active":0}

2014-12-17 19:44:48 :: 14188454882625
    > INSERT ID:1000077 -> http://backend2.footagesearch.com/en/cpregister/index/active/1000077/b687cf792cbb12a7f052b2cdd60fa3ae

2014-12-17 20:07:09 :: 14188468290702
    > {"group_id":"4","fname":"Dancan","lname":"Frank","email":"dancan@naturefootage.com","provider_id":"354","register_frontend":"46","prefix":"","login":"dancan","password":"jUWAhdPn3X2B","ctime":"2014-12-17 20:07:09","active":0}

2014-12-17 20:07:09 :: 1418846829087
    > INSERT ID:1000078 -> http://backend2.footagesearch.com/en/cpregister/index/active/1000078/015fc0bfcd7423b4c21dc03781869f8a

2014-12-18 17:48:36 :: 14189249165329
    > {"group_id":"4","fname":"Marzette","lname":"Contributor","email":"marzette@footagesearch.com","provider_id":"354","register_frontend":"46","prefix":"","login":"marz_contributor","password":"LDWmwBFa4eqS","ctime":"2014-12-18 17:48:36","active":0}

2014-12-18 17:48:36 :: 14189249165515
    > INSERT ID:1000079 -> http://backend2.footagesearch.com/en/cpregister/index/active/1000079/abf88949fce32d9009d7c1ae6413fff7

2014-12-18 17:51:56 :: 14189251160324
    > {"group_id":"4","fname":"Marzette","lname":"Contributor1","email":"marzette@gmail.com","provider_id":"354","register_frontend":"46","prefix":"","login":"marz_contributor","password":"npbUZNFHOgp6","ctime":"2014-12-18 17:51:56","active":0}

2014-12-18 17:52:51 :: 14189251719236
    > {"group_id":"4","fname":"Marzette","lname":"Contributor1","email":"marzette@naturefootage.com","provider_id":"354","register_frontend":"46","prefix":"","login":"marz_contributor1","password":"UHioB4GyEJ6h","ctime":"2014-12-18 17:52:51","active":0}

2014-12-18 17:54:35 :: 14189252757955
    > {"group_id":"4","fname":"Marzette","lname":"Contributor1","email":"marzette@naturefootage.com","provider_id":"354","register_frontend":"46","prefix":"","login":"marz_contributor","password":"d6iUHXSEllTp","ctime":"2014-12-18 17:54:35","active":0}

2014-12-18 17:54:56 :: 14189252969327
    > {"group_id":"4","fname":"Marzette","lname":"Contributor","email":"marzette@footagesearch.com","provider_id":"354","register_frontend":"46","prefix":"","login":"marz_contributor","password":"ZBVossjWaZGT","ctime":"2014-12-18 17:54:56","active":0}

2014-12-18 17:54:56 :: 14189252969493
    > INSERT ID:1000080 -> http://backend2.footagesearch.com/en/cpregister/index/active/1000080/4e81ddeaa5f02a507b484e069770ff7d

2014-12-18 18:05:47 :: 14189259476551
    > {"group_id":"4","fname":"incredible","lname":"works","email":"incredibleworks@naturefootage.com","provider_id":"354","register_frontend":"46","prefix":"","login":"incredibleworks","password":"npCKwetpgcXD","ctime":"2014-12-18 18:05:47","active":0}

2014-12-18 18:05:47 :: 14189259476765
    > INSERT ID:1000081 -> http://backend2.footagesearch.com/en/cpregister/index/active/1000081/be331ea42c90481a204ae76d9543726d

2014-12-18 18:42:17 :: 14189281373999
    > {"group_id":"4","fname":"gorgeous","lname":"days","email":"gorgeousgaze@naturefootage.com","provider_id":"354","register_frontend":"46","prefix":"","login":"gorgeousgaze","password":"L9H949dcmJu0","ctime":"2014-12-18 18:42:17","active":0}

2014-12-18 18:42:17 :: 14189281374215
    > INSERT ID:1000082 -> http://backend2.footagesearch.com/en/cpregister/index/active/1000082/931ff96d438babdd74664e895ee0fa6d

2014-12-19 17:46:13 :: 14190111731178
    > {"group_id":"4","fname":"Marzette","lname":"NF_Test","email":"marzette@naturefootage.com","provider_id":"354","register_frontend":"46","prefix":"","login":"marz_test","password":"XY6f5j9ekOfx","ctime":"2014-12-19 17:46:13","active":0}

2014-12-19 17:46:13 :: 14190111731353
    > INSERT ID:1005917 -> http://backend2.footagesearch.com/en/cpregister/index/active/1005917/a19eb0b5f8dec466fc0c7f1e2479393b

2014-12-22 20:00:42 :: 14192784424075
    > {"group_id":"4","fname":"Marzette","lname":"","email":"marzette@naturefootage.com","provider_id":"354","register_frontend":"46","prefix":"","login":"marz_test","password":"azhRdPZbaz6Z","ctime":"2014-12-22 20:00:42","active":0}

2014-12-22 20:00:42 :: 14192784424247
    > INSERT ID:1005919 -> http://backend2.footagesearch.com/en/cpregister/index/active/1005919/31c11ecd44d14f79a7d4d4f9eecb06bb

2014-12-22 20:06:37 :: 14192787975283
    > {"group_id":"4","fname":"","lname":"NF_Test","email":"marzette@footagesearch.com","provider_id":"354","register_frontend":"46","prefix":"","login":"marz_test","password":"2QqoA9knPp65","ctime":"2014-12-22 20:06:37","active":0}

2014-12-22 20:10:21 :: 14192790217474
    > {"group_id":"4","fname":"","lname":"NF_Test","email":"marzette@footagesearch.com","provider_id":"354","register_frontend":"46","prefix":"","login":"marz_test2","password":"ztlxT1FiyKDq","ctime":"2014-12-22 20:10:21","active":0}

2014-12-22 20:10:21 :: 14192790217643
    > INSERT ID:1005920 -> http://backend2.footagesearch.com/en/cpregister/index/active/1005920/c8df645dc0e7f8ecedb076b812b9b407

2014-12-22 20:18:25 :: 14192795055311
    > {"group_id":"4","fname":"Marzette","lname":"Email_duplicate","email":"marzette@naturefootage.com","provider_id":"354","register_frontend":"46","prefix":"","login":"marz_test3","password":"qrjC525NefTj","ctime":"2014-12-22 20:18:25","active":0}

2014-12-22 20:18:25 :: 14192795055481
    > INSERT ID:1005921 -> http://backend2.footagesearch.com/en/cpregister/index/active/1005921/f4a75932d29db124fe04e59930a5bd4c

2014-12-23 16:40:14 :: 14193528148685
    > {"group_id":"4","fname":"Dan","lname":"Baron","email":"danbaron12345678@naturefootage.com","provider_id":"354","register_frontend":"46","prefix":"","login":"danbaron12345678","password":"w4A213mFVJwk","ctime":"2014-12-23 16:40:14","active":0}

2014-12-23 16:40:14 :: 14193528148858
    > INSERT ID:1005922 -> http://backend2.footagesearch.com/en/cpregister/index/active/1005922/15d98da80375fc4d9ff158c95bb70740

2014-12-23 17:41:15 :: 14193564754202
    > {"group_id":"4","fname":"Donna","lname":"Linda","email":"freeflowfun@hotmail.com","provider_id":"354","register_frontend":"46","prefix":"","login":"freeflowfun","password":"0QOTqeFNxscN","ctime":"2014-12-23 17:41:15","active":0}

2014-12-23 17:41:15 :: 1419356475437
    > INSERT ID:1005923 -> http://backend2.footagesearch.com/en/cpregister/index/active/1005923/b8ee7d0251b3d8b8f7dd67aaac0fc3b0

2014-12-23 18:11:12 :: 14193582722427
    > {"group_id":"4","fname":"Donna","lname":"Linda","email":"freeflowfun@hotmail.com","provider_id":"354","register_frontend":"46","prefix":"","login":"freeflowfun","password":"dT3YjCnnmpGk","ctime":"2014-12-23 18:11:12","active":0}

2014-12-23 18:11:12 :: 14193582722603
    > INSERT ID:1005924 -> http://backend2.footagesearch.com/en/cpregister/index/active/1005924/8dfe2db239bff1eb722d87d9df2aacd4

2014-12-23 18:11:54 :: 14193583145665
    > {"group_id":"4","fname":"Donna","lname":"Linda","email":"freeflowfun@hotmail.com","provider_id":"354","register_frontend":"46","prefix":"","login":"freeflowfun","password":"mXLZDtCok4OJ","ctime":"2014-12-23 18:11:54","active":0}

2014-12-23 18:11:54 :: 14193583145831
    > INSERT ID:1005925 -> http://backend2.footagesearch.com/en/cpregister/index/active/1005925/d4a6393d529667e83f6470e603ef5324

2014-12-23 18:13:14 :: 14193583945174
    > {"group_id":"4","fname":"Donna","lname":"Linda","email":"freeflowfun@hotmail.com","provider_id":"354","register_frontend":"46","prefix":"","login":"freeflowfun","password":"WG0hLdv83ynY","ctime":"2014-12-23 18:13:14","active":0}

2014-12-23 18:13:14 :: 14193583945342
    > INSERT ID:1005926 -> http://backend2.footagesearch.com/en/cpregister/index/active/1005926/1ee749e97ff6513a5e4562b8e063cde2

2014-12-23 18:17:16 :: 14193586361712
    > {"group_id":"4","fname":"Donna","lname":"Linda","email":"freeflowfun@hotmail.com","provider_id":"354","register_frontend":"46","prefix":"","login":"freeflowfun1000","password":"N6EqquRdxcoi","ctime":"2014-12-23 18:17:16","active":0}

2014-12-23 18:17:16 :: 14193586361886
    > INSERT ID:1005927 -> http://backend2.footagesearch.com/en/cpregister/index/active/1005927/a9160130239e519191a9f8173a7b3632

2014-12-23 18:17:54 :: 14193586749241
    > {"group_id":"4","fname":"Donna","lname":"Linda","email":"freeflowfun@naturefootage.com","provider_id":"354","register_frontend":"46","prefix":"","login":"freeflowfun1010","password":"V27odCuRBMua","ctime":"2014-12-23 18:17:54","active":0}

2014-12-23 18:17:54 :: 1419358674942
    > INSERT ID:1005928 -> http://backend2.footagesearch.com/en/cpregister/index/active/1005928/4d69e75d65d26d3ef5f898c87843ca31

2014-12-25 00:08:12 :: 14194660928977
    > {"group_id":"4","fname":"Donna","lname":"Linda","email":"freeflowfun@hotmail.com","provider_id":"354","register_frontend":"46","prefix":"","login":"freeflowfun","password":"i4461LgRcgBo","ctime":"2014-12-25 00:08:12","active":0}

2014-12-25 00:08:12 :: 14194660929157
    > INSERT ID:1005929 -> http://backend2.footagesearch.com/en/cpregister/index/active/1005929/897fb2fb3d656fb0f60de2c08022c4a3

2014-12-25 00:11:50 :: 14194663109878
    > {"group_id":"4","fname":"Donna","lname":"Linda","email":"freeflowfun@hotmail.com","provider_id":"354","register_frontend":"46","prefix":"","login":"freeflowfun","password":"2QHvB8hBUkGQ","ctime":"2014-12-25 00:11:50","active":0}

2014-12-25 00:11:51 :: 14194663110069
    > INSERT ID:1005930 -> http://backend2.footagesearch.com/en/cpregister/index/active/1005930/0e6c0d491c15dff73fa0eba24a28bc1d

2014-12-25 00:40:59 :: 14194680590428
    > {"group_id":"4","fname":"donna","lname":"linda","email":"freeflowfun@naturefootage.com","provider_id":"354","register_frontend":"46","prefix":"","login":"freeflowfun1010","password":"1NWO6RAtiD6t","ctime":"2014-12-25 00:40:59","active":0}

2014-12-25 00:40:59 :: 14194680590594
    > INSERT ID:1005931 -> http://backend2.footagesearch.com/en/cpregister/index/active/1005931/d9b6df14d0fdb230ee9bc86618c474f8

2014-12-25 00:42:08 :: 14194681287435
    > {"group_id":"4","fname":"Donna","lname":"Linda","email":"coo@naturefootage.com","provider_id":"354","register_frontend":"46","prefix":"","login":"coo","password":"eLS2Gnlo39p2","ctime":"2014-12-25 00:42:08","active":0}

2014-12-25 00:42:08 :: 14194681287665
    > INSERT ID:1005932 -> http://backend2.footagesearch.com/en/cpregister/index/active/1005932/92990a32e5132173918625e22cd6aacc

2014-12-25 01:01:14 :: 1419469274465
    > {"group_id":"4","fname":"best","lname":"day","email":"bestday@naturefootage.com","provider_id":"354","register_frontend":"46","prefix":"","login":"bestday","password":"5TKAGC9QJj4z","ctime":"2014-12-25 01:01:14","active":0}

2014-12-25 01:01:14 :: 14194692744832
    > INSERT ID:1005933 -> http://backend2.footagesearch.com/en/cpregister/index/active/1005933/f9f7fe9a24f50dd9b6d8220be29ba04e

2014-12-25 01:02:21 :: 14194693411738
    > {"group_id":"4","fname":"better","lname":"days","email":"betterdays@naturefootage.com","provider_id":"354","register_frontend":"46","prefix":"","login":"betterdays","password":"u3tErr1FNvtk","ctime":"2014-12-25 01:02:21","active":0}

2014-12-25 01:02:21 :: 14194693411959
    > INSERT ID:1005934 -> http://backend2.footagesearch.com/en/cpregister/index/active/1005934/6d76519a35c8609835af7161b844e2c6

2014-12-25 01:03:55 :: 14194694357819
    > {"group_id":"4","fname":"best","lname":"day","email":"bestday@naturefootage.com","provider_id":"354","register_frontend":"46","prefix":"","login":"bestday","password":"OkyoL2QdGYHk","ctime":"2014-12-25 01:03:55","active":0}

2014-12-25 01:03:55 :: 14194694358021
    > INSERT ID:1005935 -> http://backend2.footagesearch.com/en/cpregister/index/active/1005935/0476a75105f7178b202d259d15e8d925

2014-12-26 06:46:51 :: 14195764113591
    > {"group_id":"4","fname":"dl","lname":"dancer","email":"dldancer@naturefootage.com","provider_id":"354","register_frontend":"46","prefix":"","login":"dldancer","password":"sPuTxIfRklC2","ctime":"2014-12-26 06:46:51","active":0}

2014-12-26 06:46:51 :: 14195764113796
    > INSERT ID:1005936 -> http://backend2.footagesearch.com/en/cpregister/index/active/1005936/fb0591edc29aa82c886740b94d6f3214

